{"/home/nerfzael/dev/nerfZael/polywrap-remote/polywrap-remote-client-server/src/PolywrapRemoteClient.ts": {"path":"/home/nerfzael/dev/nerfZael/polywrap-remote/polywrap-remote-client-server/src/PolywrapRemoteClient.ts","statementMap":{"0":{"start":{"line":1,"column":0},"end":{"line":1,"column":110}},"1":{"start":{"line":2,"column":0},"end":{"line":2,"column":26}},"2":{"start":{"line":4,"column":0},"end":{"line":4,"column":null}},"3":{"start":{"line":4,"column":42},"end":{"line":4,"column":56}},"4":{"start":{"line":8,"column":4},"end":{"line":8,"column":null}},"5":{"start":{"line":5,"column":31},"end":{"line":5,"column":53}},"6":{"start":{"line":11,"column":24},"end":{"line":26,"column":null}},"7":{"start":{"line":14,"column":19},"end":{"line":18,"column":null}},"8":{"start":{"line":14,"column":10},"end":{"line":18,"column":null}},"9":{"start":{"line":20,"column":4},"end":{"line":25,"column":29}},"10":{"start":{"line":27,"column":0},"end":{"line":27,"column":null}},"11":{"start":{"line":4,"column":13},"end":{"line":4,"column":33}}},"fnMap":{"0":{"name":"(anonymous_20)","decl":{"start":{"line":4,"column":0},"end":{"line":4,"column":13}},"loc":{"start":{"line":4,"column":0},"end":{"line":27,"column":null}}},"1":{"name":"PolywrapRemoteClient","decl":{"start":{"line":5,"column":2},"end":{"line":5,"column":31}},"loc":{"start":{"line":7,"column":3},"end":{"line":9,"column":3}}},"2":{"name":"(anonymous_22)","decl":{"start":{"line":11,"column":2},"end":{"line":11,"column":24}},"loc":{"start":{"line":12,"column":63},"end":{"line":26,"column":null}}}},"branchMap":{"0":{"loc":{"start":{"line":8,"column":4},"end":{"line":8,"column":null}},"type":"binary-expr","locations":[{"start":{"line":8,"column":4},"end":{"line":8,"column":17}},{"start":{"line":8,"column":17},"end":{"line":8,"column":null}}]},"1":{"loc":{"start":{"line":14,"column":19},"end":{"line":18,"column":null}},"type":"switch","locations":[{"start":{"line":14,"column":19},"end":{"line":18,"column":null}}]},"2":{"loc":{"start":{"line":22,"column":13},"end":{"line":24,"column":19}},"type":"cond-expr","locations":[{"start":{"line":23,"column":10},"end":{"line":23,"column":38}},{"start":{"line":24,"column":10},"end":{"line":24,"column":19}}]}},"s":{"0":1,"1":1,"2":1,"3":1,"4":1,"5":1,"6":1,"7":1,"8":1,"9":1,"10":1,"11":1},"f":{"0":1,"1":1,"2":1},"b":{"0":[1,1],"1":[1],"2":[0,1]}}
,"/home/nerfzael/dev/nerfZael/polywrap-remote/polywrap-remote-client-server/src/handleError.ts": {"path":"/home/nerfzael/dev/nerfZael/polywrap-remote/polywrap-remote-client-server/src/handleError.ts","statementMap":{"0":{"start":{"line":4,"column":2},"end":{"line":7,"column":null}},"1":{"start":{"line":5,"column":4},"end":{"line":6,"column":null}},"2":{"start":{"line":3,"column":0},"end":{"line":3,"column":16}}},"fnMap":{"0":{"name":"handleError","decl":{"start":{"line":3,"column":16},"end":{"line":3,"column":27}},"loc":{"start":{"line":3,"column":108},"end":{"line":8,"column":1}}},"1":{"name":"(anonymous_1)","decl":{"start":{"line":4,"column":9},"end":{"line":4,"column":19}},"loc":{"start":{"line":4,"column":70},"end":{"line":7,"column":3}}}},"branchMap":{},"s":{"0":2,"1":2,"2":1},"f":{"0":2,"1":2},"b":{}}
,"/home/nerfzael/dev/nerfZael/polywrap-remote/polywrap-remote-client-server/src/startServer.ts": {"path":"/home/nerfzael/dev/nerfZael/polywrap-remote/polywrap-remote-client-server/src/startServer.ts","statementMap":{"0":{"start":{"line":2,"column":0},"end":{"line":2,"column":24}},"1":{"start":{"line":3,"column":0},"end":{"line":3,"column":67}},"2":{"start":{"line":4,"column":0},"end":{"line":4,"column":24}},"3":{"start":{"line":5,"column":0},"end":{"line":5,"column":24}},"4":{"start":{"line":6,"column":0},"end":{"line":6,"column":44}},"5":{"start":{"line":8,"column":27},"end":{"line":77,"column":1}},"6":{"start":{"line":9,"column":14},"end":{"line":9,"column":23}},"7":{"start":{"line":11,"column":2},"end":{"line":11,"column":33}},"8":{"start":{"line":12,"column":2},"end":{"line":12,"column":53}},"9":{"start":{"line":13,"column":2},"end":{"line":13,"column":26}},"10":{"start":{"line":15,"column":2},"end":{"line":32,"column":6}},"11":{"start":{"line":15,"column":81},"end":{"line":32,"column":4}},"12":{"start":{"line":16,"column":4},"end":{"line":16,"column":51}},"13":{"start":{"line":17,"column":4},"end":{"line":17,"column":89}},"14":{"start":{"line":20,"column":4},"end":{"line":24,"column":null}},"15":{"start":{"line":21,"column":6},"end":{"line":21,"column":46}},"16":{"start":{"line":22,"column":6},"end":{"line":22,"column":28}},"17":{"start":{"line":23,"column":6},"end":{"line":23,"column":13}},"18":{"start":{"line":26,"column":4},"end":{"line":31,"column":null}},"19":{"start":{"line":27,"column":6},"end":{"line":27,"column":20}},"20":{"start":{"line":29,"column":6},"end":{"line":29,"column":60}},"21":{"start":{"line":30,"column":6},"end":{"line":30,"column":13}},"22":{"start":{"line":34,"column":2},"end":{"line":39,"column":5}},"23":{"start":{"line":35,"column":4},"end":{"line":37,"column":7}},"24":{"start":{"line":36,"column":6},"end":{"line":36,"column":74}},"25":{"start":{"line":38,"column":4},"end":{"line":38,"column":11}},"26":{"start":{"line":41,"column":2},"end":{"line":43,"column":6}},"27":{"start":{"line":45,"column":2},"end":{"line":70,"column":6}},"28":{"start":{"line":45,"column":56},"end":{"line":70,"column":4}},"29":{"start":{"line":46,"column":10},"end":{"line":46,"column":34}},"30":{"start":{"line":48,"column":4},"end":{"line":52,"column":7}},"31":{"start":{"line":54,"column":19},"end":{"line":58,"column":null}},"32":{"start":{"line":54,"column":10},"end":{"line":58,"column":null}},"33":{"start":{"line":60,"column":10},"end":{"line":65,"column":6}},"34":{"start":{"line":67,"column":4},"end":{"line":67,"column":33}},"35":{"start":{"line":69,"column":4},"end":{"line":69,"column":30}},"36":{"start":{"line":72,"column":17},"end":{"line":72,"column":43}},"37":{"start":{"line":74,"column":2},"end":{"line":74,"column":105}},"38":{"start":{"line":74,"column":28},"end":{"line":74,"column":104}},"39":{"start":{"line":76,"column":2},"end":{"line":76,"column":16}},"40":{"start":{"line":8,"column":13},"end":{"line":8,"column":27}}},"fnMap":{"0":{"name":"(anonymous_14)","decl":{"start":{"line":8,"column":27},"end":{"line":8,"column":28}},"loc":{"start":{"line":8,"column":64},"end":{"line":77,"column":1}}},"1":{"name":"(anonymous_15)","decl":{"start":{"line":15,"column":27},"end":{"line":15,"column":34}},"loc":{"start":{"line":15,"column":81},"end":{"line":32,"column":4}}},"2":{"name":"(anonymous_16)","decl":{"start":{"line":15,"column":81},"end":{"line":15,"column":null}},"loc":{"start":{"line":15,"column":81},"end":{"line":32,"column":4}}},"3":{"name":"(anonymous_18)","decl":{"start":{"line":34,"column":10},"end":{"line":34,"column":11}},"loc":{"start":{"line":34,"column":58},"end":{"line":39,"column":3}}},"4":{"name":"(anonymous_19)","decl":{"start":{"line":35,"column":21},"end":{"line":35,"column":null}},"loc":{"start":{"line":35,"column":21},"end":{"line":37,"column":5}}},"5":{"name":"(anonymous_20)","decl":{"start":{"line":45,"column":41},"end":{"line":45,"column":48}},"loc":{"start":{"line":45,"column":56},"end":{"line":70,"column":4}}},"6":{"name":"(anonymous_21)","decl":{"start":{"line":45,"column":56},"end":{"line":45,"column":null}},"loc":{"start":{"line":45,"column":56},"end":{"line":70,"column":4}}},"7":{"name":"(anonymous_23)","decl":{"start":{"line":74,"column":22},"end":{"line":74,"column":28}},"loc":{"start":{"line":74,"column":22},"end":{"line":74,"column":35}}}},"branchMap":{"0":{"loc":{"start":{"line":20,"column":4},"end":{"line":24,"column":null}},"type":"if","locations":[{"start":{"line":20,"column":4},"end":{"line":24,"column":null}}]},"1":{"loc":{"start":{"line":26,"column":4},"end":{"line":31,"column":null}},"type":"if","locations":[{"start":{"line":26,"column":4},"end":{"line":31,"column":null}},{"start":{"line":28,"column":11},"end":{"line":31,"column":null}}]},"2":{"loc":{"start":{"line":62,"column":13},"end":{"line":64,"column":19}},"type":"cond-expr","locations":[{"start":{"line":63,"column":10},"end":{"line":63,"column":30}},{"start":{"line":64,"column":10},"end":{"line":64,"column":19}}]}},"s":{"0":1,"1":1,"2":1,"3":1,"4":1,"5":1,"6":1,"7":1,"8":1,"9":1,"10":1,"11":1,"12":1,"13":1,"14":1,"15":0,"16":0,"17":0,"18":1,"19":0,"20":1,"21":1,"22":1,"23":1,"24":1,"25":1,"26":1,"27":1,"28":1,"29":1,"30":1,"31":1,"32":1,"33":1,"34":1,"35":1,"36":1,"37":1,"38":1,"39":1,"40":1},"f":{"0":1,"1":1,"2":1,"3":1,"4":1,"5":1,"6":1,"7":1},"b":{"0":[0],"1":[0,1],"2":[0,1]}}
}
