TN:
SF:src/PolywrapRemoteClient.ts
FN:4,(anonymous_20)
FN:5,PolywrapRemoteClient
FN:11,(anonymous_22)
FNF:3
FNH:3
FNDA:1,(anonymous_20)
FNDA:1,PolywrapRemoteClient
FNDA:1,(anonymous_22)
DA:1,1
DA:2,1
DA:4,1
DA:5,1
DA:8,1
DA:11,1
DA:14,1
DA:20,1
DA:27,1
LF:9
LH:9
BRDA:8,0,0,1
BRDA:8,0,1,1
BRDA:14,1,0,1
BRDA:22,2,0,0
BRDA:22,2,1,1
BRF:5
BRH:4
end_of_record
TN:
SF:src/handleError.ts
FN:3,handleError
FN:4,(anonymous_1)
FNF:2
FNH:2
FNDA:2,handleError
FNDA:2,(anonymous_1)
DA:3,1
DA:4,2
DA:5,2
LF:3
LH:3
BRF:0
BRH:0
end_of_record
TN:
SF:src/startServer.ts
FN:8,(anonymous_14)
FN:15,(anonymous_15)
FN:15,(anonymous_16)
FN:34,(anonymous_18)
FN:35,(anonymous_19)
FN:45,(anonymous_20)
FN:45,(anonymous_21)
FN:74,(anonymous_23)
FNF:8
FNH:8
FNDA:1,(anonymous_14)
FNDA:1,(anonymous_15)
FNDA:1,(anonymous_16)
FNDA:1,(anonymous_18)
FNDA:1,(anonymous_19)
FNDA:1,(anonymous_20)
FNDA:1,(anonymous_21)
FNDA:1,(anonymous_23)
DA:2,1
DA:3,1
DA:4,1
DA:5,1
DA:6,1
DA:8,1
DA:9,1
DA:11,1
DA:12,1
DA:13,1
DA:15,1
DA:16,1
DA:17,1
DA:20,1
DA:21,0
DA:22,0
DA:23,0
DA:26,1
DA:27,0
DA:29,1
DA:30,1
DA:34,1
DA:35,1
DA:36,1
DA:38,1
DA:41,1
DA:45,1
DA:46,1
DA:48,1
DA:54,1
DA:60,1
DA:67,1
DA:69,1
DA:72,1
DA:74,1
DA:76,1
LF:36
LH:32
BRDA:20,0,0,0
BRDA:26,1,0,0
BRDA:26,1,1,1
BRDA:62,2,0,0
BRDA:62,2,1,1
BRF:5
BRH:2
end_of_record
